<?xml version="1.0" encoding="UTF-8"?>
<robot generator="Robot 3.2.2 (Python 3.9.1 on win32)" generated="20201221 09:01:49.230" rpa="false">
<suite id="s1" name="TC1" source="C:\Users\hemak\PycharmProjects\Automation\TestCases\TC1.robot">
<test id="s1-t1" name="openBrowser">
<kw name="Open Browser" library="SeleniumLibrary">
<doc>Opens a new browser instance to the optional ``url``.</doc>
<arguments>
<arg>${url}</arg>
<arg>${browser}</arg>
</arguments>
<msg timestamp="20201221 09:01:49.440" level="INFO">Opening browser 'chrome' to base url 'https://www.amazon.in/'.</msg>
<status status="PASS" starttime="20201221 09:01:49.440" endtime="20201221 09:01:57.026"></status>
</kw>
<kw name="Maximize Browser Window" library="SeleniumLibrary">
<doc>Maximizes current browser window.</doc>
<status status="PASS" starttime="20201221 09:01:57.026" endtime="20201221 09:01:59.267"></status>
</kw>
<kw name="Get Window Titles" library="SeleniumLibrary">
<doc>Returns and logs titles of all windows of the selected browser.</doc>
<assign>
<var>@{windowTitles}</var>
</assign>
<msg timestamp="20201221 09:01:59.307" level="INFO">Altogether 1 item.
1: Online Shopping site in India: Shop Online for Mobiles, Books, Watches, Shoes and More - Amazon.in</msg>
<msg timestamp="20201221 09:01:59.307" level="INFO">@{windowTitles} = [ Online Shopping site in India: Shop Online for Mobiles, Books, Watches, Shoes and More - Amazon.in ]</msg>
<status status="PASS" starttime="20201221 09:01:59.271" endtime="20201221 09:01:59.307"></status>
</kw>
<kw name="Log To Console" library="BuiltIn">
<doc>Logs the given message to the console.</doc>
<arguments>
<arg>@{windowTitles}</arg>
</arguments>
<status status="PASS" starttime="20201221 09:01:59.307" endtime="20201221 09:01:59.307"></status>
</kw>
<status status="PASS" starttime="20201221 09:01:49.440" endtime="20201221 09:01:59.307" critical="yes"></status>
</test>
<test id="s1-t2" name="searchForMobiles">
<kw name="Input Text" library="SeleniumLibrary">
<doc>Types the given ``text`` into the text field identified by ``locator``.</doc>
<arguments>
<arg>id:twotabsearchtextbox</arg>
<arg>mobiles</arg>
</arguments>
<msg timestamp="20201221 09:01:59.317" level="INFO">Typing text 'mobiles' into text field 'id:twotabsearchtextbox'.</msg>
<status status="PASS" starttime="20201221 09:01:59.317" endtime="20201221 09:01:59.523"></status>
</kw>
<kw name="Click Element" library="SeleniumLibrary">
<doc>Click the element identified by ``locator``.</doc>
<arguments>
<arg>id:nav-search-submit-text</arg>
</arguments>
<msg timestamp="20201221 09:01:59.524" level="INFO">Clicking element 'id:nav-search-submit-text'.</msg>
<status status="PASS" starttime="20201221 09:01:59.524" endtime="20201221 09:02:01.944"></status>
</kw>
<status status="PASS" starttime="20201221 09:01:59.316" endtime="20201221 09:02:01.944" critical="yes"></status>
</test>
<test id="s1-t3" name="applyFilters">
<kw name="Set Selenium Speed" library="SeleniumLibrary">
<doc>Sets the delay that is waited after each Selenium command.</doc>
<arguments>
<arg>3 seconds</arg>
</arguments>
<status status="PASS" starttime="20201221 09:02:01.952" endtime="20201221 09:02:01.954"></status>
</kw>
<kw name="Click Element" library="SeleniumLibrary">
<doc>Click the element identified by ``locator``.</doc>
<arguments>
<arg>xpath://*[@id='p_85/10440599031']/span/a/div/label/i</arg>
</arguments>
<msg timestamp="20201221 09:02:01.954" level="INFO">Clicking element 'xpath://*[@id='p_85/10440599031']/span/a/div/label/i'.</msg>
<status status="PASS" starttime="20201221 09:02:01.954" endtime="20201221 09:02:08.272"></status>
</kw>
<kw name="Click Element" library="SeleniumLibrary">
<doc>Click the element identified by ``locator``.</doc>
<arguments>
<arg>xpath://*[@id='p_89/Redmi']/span/a/div/label/i</arg>
</arguments>
<msg timestamp="20201221 09:02:08.272" level="INFO">Clicking element 'xpath://*[@id='p_89/Redmi']/span/a/div/label/i'.</msg>
<status status="PASS" starttime="20201221 09:02:08.272" endtime="20201221 09:02:17.214"></status>
</kw>
<kw name="Click Element" library="SeleniumLibrary">
<doc>Click the element identified by ``locator``.</doc>
<arguments>
<arg>xpath://*[@id='p_36/1318506031']/span/a/span</arg>
</arguments>
<msg timestamp="20201221 09:02:17.216" level="INFO">Clicking element 'xpath://*[@id='p_36/1318506031']/span/a/span'.</msg>
<status status="PASS" starttime="20201221 09:02:17.215" endtime="20201221 09:02:26.693"></status>
</kw>
<kw name="Click Element" library="SeleniumLibrary">
<doc>Click the element identified by ``locator``.</doc>
<arguments>
<arg>xpath://*[@id='p_n_is_cod_eligible/4931671031']/span/a/div/label/i</arg>
</arguments>
<msg timestamp="20201221 09:02:26.693" level="INFO">Clicking element 'xpath://*[@id='p_n_is_cod_eligible/4931671031']/span/a/div/label/i'.</msg>
<status status="PASS" starttime="20201221 09:02:26.693" endtime="20201221 09:02:32.994"></status>
</kw>
<kw name="Click Element" library="SeleniumLibrary">
<doc>Click the element identified by ``locator``.</doc>
<arguments>
<arg>xpath://*[@id='search']/div[1]/div[2]/div/span[3]/div[2]/div[1]/div/span/div/div/div[2]/div[2]/div/div[1]/div/div/div[1]/h2/a/span</arg>
</arguments>
<msg timestamp="20201221 09:02:32.994" level="INFO">Clicking element 'xpath://*[@id='search']/div[1]/div[2]/div/span[3]/div[2]/div[1]/div/span/div/div/div[2]/div[2]/div/div[1]/div/div/div[1]/h2/a/span'.</msg>
<status status="PASS" starttime="20201221 09:02:32.994" endtime="20201221 09:02:39.233"></status>
</kw>
<status status="PASS" starttime="20201221 09:02:01.952" endtime="20201221 09:02:39.233" critical="yes"></status>
</test>
<test id="s1-t4" name="selectFirstProduct">
<kw name="Select Window" library="SeleniumLibrary">
<doc>DEPRECATED in SeleniumLibrary 4.0. , use `Switch Window` instead.</doc>
<arguments>
<arg>NEW</arg>
</arguments>
<assign>
<var>${win1}</var>
</assign>
<msg timestamp="20201221 09:02:51.280" level="INFO">${win1} = CDwindow-242B75C6E667A4F065A60E89A41C3911</msg>
<status status="PASS" starttime="20201221 09:02:39.233" endtime="20201221 09:02:51.280"></status>
</kw>
<kw name="Click Element" library="SeleniumLibrary">
<doc>Click the element identified by ``locator``.</doc>
<arguments>
<arg>xpath://input[@id="add-to-cart-button"]</arg>
</arguments>
<msg timestamp="20201221 09:02:51.281" level="INFO">Clicking element 'xpath://input[@id="add-to-cart-button"]'.</msg>
<status status="PASS" starttime="20201221 09:02:51.281" endtime="20201221 09:02:59.633"></status>
</kw>
<kw name="Close Window" library="SeleniumLibrary">
<doc>Closes currently opened and selected browser window/tab.</doc>
<status status="PASS" starttime="20201221 09:02:59.633" endtime="20201221 09:03:02.724"></status>
</kw>
<kw name="Select Window" library="SeleniumLibrary">
<doc>DEPRECATED in SeleniumLibrary 4.0. , use `Switch Window` instead.</doc>
<arguments>
<arg>${win1}</arg>
</arguments>
<status status="PASS" starttime="20201221 09:03:02.724" endtime="20201221 09:03:08.745"></status>
</kw>
<status status="PASS" starttime="20201221 09:02:39.233" endtime="20201221 09:03:08.745" critical="yes"></status>
</test>
<test id="s1-t5" name="selectSecondProduct">
<kw name="Click Element" library="SeleniumLibrary">
<doc>Click the element identified by ``locator``.</doc>
<arguments>
<arg>xpath://*[@id='search']/div[1]/div[2]/div/span[3]/div[2]/div[3]/div/span/div/div/div[2]/div[2]/div/div[1]/div/div/div[1]/h2/a/span</arg>
</arguments>
<msg timestamp="20201221 09:03:08.745" level="INFO">Clicking element 'xpath://*[@id='search']/div[1]/div[2]/div/span[3]/div[2]/div[3]/div/span/div/div/div[2]/div[2]/div/div[1]/div/div/div[1]/h2/a/span'.</msg>
<status status="PASS" starttime="20201221 09:03:08.745" endtime="20201221 09:03:15.056"></status>
</kw>
<kw name="Select Window" library="SeleniumLibrary">
<doc>DEPRECATED in SeleniumLibrary 4.0. , use `Switch Window` instead.</doc>
<arguments>
<arg>NEW</arg>
</arguments>
<assign>
<var>${win1}</var>
</assign>
<msg timestamp="20201221 09:03:27.095" level="INFO">${win1} = CDwindow-242B75C6E667A4F065A60E89A41C3911</msg>
<status status="PASS" starttime="20201221 09:03:15.057" endtime="20201221 09:03:27.095"></status>
</kw>
<kw name="Click Element" library="SeleniumLibrary">
<doc>Click the element identified by ``locator``.</doc>
<arguments>
<arg>xpath://input[@id="add-to-cart-button"]</arg>
</arguments>
<msg timestamp="20201221 09:03:27.096" level="INFO">Clicking element 'xpath://input[@id="add-to-cart-button"]'.</msg>
<status status="PASS" starttime="20201221 09:03:27.096" endtime="20201221 09:03:35.453"></status>
</kw>
<kw name="Close Window" library="SeleniumLibrary">
<doc>Closes currently opened and selected browser window/tab.</doc>
<status status="PASS" starttime="20201221 09:03:35.453" endtime="20201221 09:03:38.538"></status>
</kw>
<kw name="Select Window" library="SeleniumLibrary">
<doc>DEPRECATED in SeleniumLibrary 4.0. , use `Switch Window` instead.</doc>
<arguments>
<arg>${win1}</arg>
</arguments>
<status status="PASS" starttime="20201221 09:03:38.539" endtime="20201221 09:03:44.557"></status>
</kw>
<status status="PASS" starttime="20201221 09:03:08.745" endtime="20201221 09:03:44.557" critical="yes"></status>
</test>
<test id="s1-t6" name="gotoCart">
<kw name="Click Element" library="SeleniumLibrary">
<doc>Click the element identified by ``locator``.</doc>
<arguments>
<arg>xpath://div[@id="nav-cart-count-container"]</arg>
</arguments>
<msg timestamp="20201221 09:03:44.557" level="INFO">Clicking element 'xpath://div[@id="nav-cart-count-container"]'.</msg>
<status status="PASS" starttime="20201221 09:03:44.557" endtime="20201221 09:04:00.660"></status>
</kw>
<kw name="Click Element" library="SeleniumLibrary">
<doc>Click the element identified by ``locator``.</doc>
<arguments>
<arg>xpath://span[@id="sc-buy-box-ptc-button"]</arg>
</arguments>
<msg timestamp="20201221 09:04:00.660" level="INFO">Clicking element 'xpath://span[@id="sc-buy-box-ptc-button"]'.</msg>
<status status="PASS" starttime="20201221 09:04:00.660" endtime="20201221 09:04:12.755"></status>
</kw>
<status status="PASS" starttime="20201221 09:03:44.557" endtime="20201221 09:04:12.755" critical="yes"></status>
</test>
<test id="s1-t7" name="login">
<kw name="Input Text" library="SeleniumLibrary">
<doc>Types the given ``text`` into the text field identified by ``locator``.</doc>
<arguments>
<arg>xpath://*[@id='ap_email']</arg>
<arg>hemakeswani27@gmail.com</arg>
</arguments>
<msg timestamp="20201221 09:04:12.755" level="INFO">Typing text 'hemakeswani27@gmail.com' into text field 'xpath://*[@id='ap_email']'.</msg>
<status status="PASS" starttime="20201221 09:04:12.755" endtime="20201221 09:04:22.005"></status>
</kw>
<kw name="Click Element" library="SeleniumLibrary">
<doc>Click the element identified by ``locator``.</doc>
<arguments>
<arg>xpath://*[@id='continue']</arg>
</arguments>
<msg timestamp="20201221 09:04:22.006" level="INFO">Clicking element 'xpath://*[@id='continue']'.</msg>
<status status="PASS" starttime="20201221 09:04:22.006" endtime="20201221 09:04:30.872"></status>
</kw>
<kw name="Input Text" library="SeleniumLibrary">
<doc>Types the given ``text`` into the text field identified by ``locator``.</doc>
<arguments>
<arg>xpath://*[@id='ap_password']</arg>
<arg>hema1234</arg>
</arguments>
<msg timestamp="20201221 09:04:30.872" level="INFO">Typing text 'hema1234' into text field 'xpath://*[@id='ap_password']'.</msg>
<status status="PASS" starttime="20201221 09:04:30.872" endtime="20201221 09:04:40.060"></status>
</kw>
<kw name="Click Element" library="SeleniumLibrary">
<doc>Click the element identified by ``locator``.</doc>
<arguments>
<arg>xpath://*[@id='signInSubmit']</arg>
</arguments>
<msg timestamp="20201221 09:04:40.062" level="INFO">Clicking element 'xpath://*[@id='signInSubmit']'.</msg>
<status status="PASS" starttime="20201221 09:04:40.061" endtime="20201221 09:04:46.216"></status>
</kw>
<status status="PASS" starttime="20201221 09:04:12.755" endtime="20201221 09:04:46.216" critical="yes"></status>
</test>
<status status="PASS" starttime="20201221 09:01:49.259" endtime="20201221 09:04:46.216"></status>
</suite>
<statistics>
<total>
<stat pass="7" fail="0">Critical Tests</stat>
<stat pass="7" fail="0">All Tests</stat>
</total>
<tag>
</tag>
<suite>
<stat pass="7" fail="0" id="s1" name="TC1">TC1</stat>
</suite>
</statistics>
<errors>
</errors>
</robot>
